<?xml version="1.0" encoding="UTF-8"?>
<testng-results ignored="0" total="4" passed="4" failed="0" skipped="0">
  <reporter-output>
  </reporter-output>
  <suite started-at="2025-06-06T16:25:16 IST" name="CrossBrowserSuite" finished-at="2025-06-06T16:25:43 IST" duration-ms="27139">
    <groups>
      <group name="smoke">
        <method signature="LoginTest.failedLoginTest()[pri:0, instance:com.hrmproject.tests.LoginTest@302552ec]" name="failedLoginTest" class="com.hrmproject.tests.LoginTest"/>
        <method signature="LoginTest.failedLoginTest()[pri:0, instance:com.hrmproject.tests.LoginTest@4961f6af]" name="failedLoginTest" class="com.hrmproject.tests.LoginTest"/>
      </group> <!-- smoke -->
      <group name="sanity">
        <method signature="LoginTest.successfulLoginTest()[pri:0, instance:com.hrmproject.tests.LoginTest@302552ec]" name="successfulLoginTest" class="com.hrmproject.tests.LoginTest"/>
        <method signature="LoginTest.successfulLoginTest()[pri:0, instance:com.hrmproject.tests.LoginTest@4961f6af]" name="successfulLoginTest" class="com.hrmproject.tests.LoginTest"/>
      </group> <!-- sanity -->
    </groups>
    <test started-at="2025-06-06T16:25:16 IST" name="ChromeTest" finished-at="2025-06-06T16:25:39 IST" duration-ms="23312">
      <class name="com.hrmproject.tests.LoginTest">
        <test-method is-config="true" signature="setUp(java.lang.String)[pri:0, instance:com.hrmproject.tests.LoginTest@302552ec]" started-at="2025-06-06T16:25:16 IST" name="setUp" finished-at="2025-06-06T16:25:25 IST" duration-ms="9394" status="PASS">
          <params>
            <param index="0">
              <value>
                <![CDATA[chrome]]>
              </value>
            </param>
          </params>
          <reporter-output>
          </reporter-output>
        </test-method> <!-- setUp -->
        <test-method signature="failedLoginTest()[pri:0, instance:com.hrmproject.tests.LoginTest@302552ec]" started-at="2025-06-06T16:25:25 IST" name="failedLoginTest" finished-at="2025-06-06T16:25:29 IST" duration-ms="3088" status="PASS">
          <reporter-output>
          </reporter-output>
        </test-method> <!-- failedLoginTest -->
        <test-method is-config="true" signature="tearDown()[pri:0, instance:com.hrmproject.tests.LoginTest@302552ec]" started-at="2025-06-06T16:25:29 IST" name="tearDown" finished-at="2025-06-06T16:25:30 IST" duration-ms="1130" status="PASS">
          <reporter-output>
          </reporter-output>
        </test-method> <!-- tearDown -->
        <test-method is-config="true" signature="setUp(java.lang.String)[pri:0, instance:com.hrmproject.tests.LoginTest@302552ec]" started-at="2025-06-06T16:25:30 IST" name="setUp" finished-at="2025-06-06T16:25:36 IST" duration-ms="5999" status="PASS">
          <params>
            <param index="0">
              <value>
                <![CDATA[chrome]]>
              </value>
            </param>
          </params>
          <reporter-output>
          </reporter-output>
        </test-method> <!-- setUp -->
        <test-method signature="successfulLoginTest()[pri:0, instance:com.hrmproject.tests.LoginTest@302552ec]" started-at="2025-06-06T16:25:36 IST" name="successfulLoginTest" finished-at="2025-06-06T16:25:39 IST" duration-ms="2956" status="PASS">
          <reporter-output>
          </reporter-output>
        </test-method> <!-- successfulLoginTest -->
        <test-method is-config="true" signature="tearDown()[pri:0, instance:com.hrmproject.tests.LoginTest@302552ec]" started-at="2025-06-06T16:25:39 IST" name="tearDown" finished-at="2025-06-06T16:25:39 IST" duration-ms="305" status="PASS">
          <reporter-output>
          </reporter-output>
        </test-method> <!-- tearDown -->
      </class> <!-- com.hrmproject.tests.LoginTest -->
    </test> <!-- ChromeTest -->
    <test started-at="2025-06-06T16:25:16 IST" name="EdgeTest" finished-at="2025-06-06T16:25:43 IST" duration-ms="27139">
      <class name="com.hrmproject.tests.LoginTest">
        <test-method is-config="true" signature="loadConfig()[pri:0, instance:com.hrmproject.tests.LoginTest@4961f6af]" started-at="2025-06-06T16:25:15 IST" name="loadConfig" finished-at="2025-06-06T16:25:16 IST" duration-ms="167" status="PASS">
          <reporter-output>
          </reporter-output>
        </test-method> <!-- loadConfig -->
        <test-method is-config="true" signature="setUp(java.lang.String)[pri:0, instance:com.hrmproject.tests.LoginTest@4961f6af]" started-at="2025-06-06T16:25:16 IST" name="setUp" finished-at="2025-06-06T16:25:27 IST" duration-ms="11159" status="PASS">
          <params>
            <param index="0">
              <value>
                <![CDATA[edge]]>
              </value>
            </param>
          </params>
          <reporter-output>
          </reporter-output>
        </test-method> <!-- setUp -->
        <test-method signature="failedLoginTest()[pri:0, instance:com.hrmproject.tests.LoginTest@4961f6af]" started-at="2025-06-06T16:25:27 IST" name="failedLoginTest" finished-at="2025-06-06T16:25:30 IST" duration-ms="2800" status="PASS">
          <reporter-output>
          </reporter-output>
        </test-method> <!-- failedLoginTest -->
        <test-method is-config="true" signature="tearDown()[pri:0, instance:com.hrmproject.tests.LoginTest@4961f6af]" started-at="2025-06-06T16:25:30 IST" name="tearDown" finished-at="2025-06-06T16:25:33 IST" duration-ms="2689" status="PASS">
          <reporter-output>
          </reporter-output>
        </test-method> <!-- tearDown -->
        <test-method is-config="true" signature="setUp(java.lang.String)[pri:0, instance:com.hrmproject.tests.LoginTest@4961f6af]" started-at="2025-06-06T16:25:33 IST" name="setUp" finished-at="2025-06-06T16:25:39 IST" duration-ms="6958" status="PASS">
          <params>
            <param index="0">
              <value>
                <![CDATA[edge]]>
              </value>
            </param>
          </params>
          <reporter-output>
          </reporter-output>
        </test-method> <!-- setUp -->
        <test-method signature="successfulLoginTest()[pri:0, instance:com.hrmproject.tests.LoginTest@4961f6af]" started-at="2025-06-06T16:25:39 IST" name="successfulLoginTest" finished-at="2025-06-06T16:25:41 IST" duration-ms="1528" status="PASS">
          <reporter-output>
          </reporter-output>
        </test-method> <!-- successfulLoginTest -->
        <test-method is-config="true" signature="tearDown()[pri:0, instance:com.hrmproject.tests.LoginTest@4961f6af]" started-at="2025-06-06T16:25:41 IST" name="tearDown" finished-at="2025-06-06T16:25:43 IST" duration-ms="1749" status="PASS">
          <reporter-output>
          </reporter-output>
        </test-method> <!-- tearDown -->
      </class> <!-- com.hrmproject.tests.LoginTest -->
    </test> <!-- EdgeTest -->
  </suite> <!-- CrossBrowserSuite -->
</testng-results>
