<?xml version="1.0" encoding="UTF-8"?>
<!-- Generated by org.testng.reporters.JUnitXMLReporter -->
<testsuite ignored="1" hostname="LAPTOP-MBNNNHC8" failures="0" tests="1" name="login" time="11.797" errors="0" timestamp="2025-06-06T15:35:18 IST">
  <testcase classname="com.hrmproject.tests.LoginTest" name="failedLoginTest" time="6.935"/>
  <testcase classname="com.hrmproject.tests.LoginTest" name="successfulLoginTest" time="0.0">
    <ignored/>
  </testcase> <!-- successfulLoginTest -->
</testsuite> <!-- login -->
